<?xml version="1.0" encoding="UTF-8"?>
<testng-results ignored="0" total="50" passed="50" failed="0" skipped="0">
  <reporter-output>
  </reporter-output>
  <suite started-at="2023-05-12T15:13:30 EDT" name="Default suite" finished-at="2023-05-12T15:18:06 EDT" duration-ms="275986">
    <groups>
      <group name="cucumber">
        <method signature="AbstractTestNGCucumberTests.runScenario(io.cucumber.testng.PickleWrapper,io.cucumber.testng.FeatureWrapper)[pri:0, instance:Runner.TestRunner@41d477ed]" name="runScenario" class="io.cucumber.testng.AbstractTestNGCucumberTests"/>
      </group> <!-- cucumber -->
    </groups>
    <test started-at="2023-05-12T15:13:30 EDT" name="Default test" finished-at="2023-05-12T15:18:06 EDT" duration-ms="275986">
      <class name="Runner.TestRunner">
        <test-method is-config="true" signature="setUpClass(org.testng.ITestContext)[pri:0, instance:Runner.TestRunner@41d477ed]" started-at="2023-05-12T15:13:30 EDT" name="setUpClass" finished-at="2023-05-12T15:13:37 EDT" duration-ms="7328" status="PASS">
          <params>
            <param index="0">
              <value>
                <![CDATA[org.testng.TestRunner@28515443]]>
              </value>
            </param>
          </params>
          <reporter-output>
          </reporter-output>
        </test-method> <!-- setUpClass -->
        <test-method signature="runScenario(io.cucumber.testng.PickleWrapper,io.cucumber.testng.FeatureWrapper)[pri:0, instance:Runner.TestRunner@41d477ed]" started-at="2023-05-12T15:13:37 EDT" name="runScenario" description="Runs Cucumber Scenarios" data-provider="scenarios" finished-at="2023-05-12T15:13:41 EDT" duration-ms="3462" status="PASS">
          <params>
            <param index="0">
              <value>
                <![CDATA["User is on Home page and click on Register"]]>
              </value>
            </param>
            <param index="1">
              <value>
                <![CDATA["Optional[User opens RegisterPage]"]]>
              </value>
            </param>
          </params>
          <reporter-output>
          </reporter-output>
        </test-method> <!-- runScenario -->
        <test-method signature="runScenario(io.cucumber.testng.PickleWrapper,io.cucumber.testng.FeatureWrapper)[pri:0, instance:Runner.TestRunner@41d477ed]" started-at="2023-05-12T15:13:41 EDT" name="runScenario" description="Runs Cucumber Scenarios" data-provider="scenarios" finished-at="2023-05-12T15:13:42 EDT" duration-ms="1751" status="PASS">
          <params>
            <param index="0">
              <value>
                <![CDATA["Register validation with invalid inputs"]]>
              </value>
            </param>
            <param index="1">
              <value>
                <![CDATA["Optional[User opens RegisterPage]"]]>
              </value>
            </param>
          </params>
          <reporter-output>
          </reporter-output>
        </test-method> <!-- runScenario -->
        <test-method signature="runScenario(io.cucumber.testng.PickleWrapper,io.cucumber.testng.FeatureWrapper)[pri:0, instance:Runner.TestRunner@41d477ed]" started-at="2023-05-12T15:13:42 EDT" name="runScenario" description="Runs Cucumber Scenarios" data-provider="scenarios" finished-at="2023-05-12T15:13:44 EDT" duration-ms="1847" status="PASS">
          <params>
            <param index="0">
              <value>
                <![CDATA["Register validation with invalid inputs/blank fields"]]>
              </value>
            </param>
            <param index="1">
              <value>
                <![CDATA["Optional[User opens RegisterPage]"]]>
              </value>
            </param>
          </params>
          <reporter-output>
          </reporter-output>
        </test-method> <!-- runScenario -->
        <test-method signature="runScenario(io.cucumber.testng.PickleWrapper,io.cucumber.testng.FeatureWrapper)[pri:0, instance:Runner.TestRunner@41d477ed]" started-at="2023-05-12T15:13:44 EDT" name="runScenario" description="Runs Cucumber Scenarios" data-provider="scenarios" finished-at="2023-05-12T15:13:46 EDT" duration-ms="1908" status="PASS">
          <params>
            <param index="0">
              <value>
                <![CDATA["Register validation with invalid inputs/blank fields"]]>
              </value>
            </param>
            <param index="1">
              <value>
                <![CDATA["Optional[User opens RegisterPage]"]]>
              </value>
            </param>
          </params>
          <reporter-output>
          </reporter-output>
        </test-method> <!-- runScenario -->
        <test-method signature="runScenario(io.cucumber.testng.PickleWrapper,io.cucumber.testng.FeatureWrapper)[pri:0, instance:Runner.TestRunner@41d477ed]" started-at="2023-05-12T15:13:46 EDT" name="runScenario" description="Runs Cucumber Scenarios" data-provider="scenarios" finished-at="2023-05-12T15:13:48 EDT" duration-ms="1923" status="PASS">
          <params>
            <param index="0">
              <value>
                <![CDATA["Register validation with invalid inputs/blank fields"]]>
              </value>
            </param>
            <param index="1">
              <value>
                <![CDATA["Optional[User opens RegisterPage]"]]>
              </value>
            </param>
          </params>
          <reporter-output>
          </reporter-output>
        </test-method> <!-- runScenario -->
        <test-method signature="runScenario(io.cucumber.testng.PickleWrapper,io.cucumber.testng.FeatureWrapper)[pri:0, instance:Runner.TestRunner@41d477ed]" started-at="2023-05-12T15:13:48 EDT" name="runScenario" description="Runs Cucumber Scenarios" data-provider="scenarios" finished-at="2023-05-12T15:13:56 EDT" duration-ms="7611" status="PASS">
          <params>
            <param index="0">
              <value>
                <![CDATA["The user is succesfully able to register"]]>
              </value>
            </param>
            <param index="1">
              <value>
                <![CDATA["Optional[User opens RegisterPage]"]]>
              </value>
            </param>
          </params>
          <reporter-output>
          </reporter-output>
        </test-method> <!-- runScenario -->
        <test-method signature="runScenario(io.cucumber.testng.PickleWrapper,io.cucumber.testng.FeatureWrapper)[pri:0, instance:Runner.TestRunner@41d477ed]" started-at="2023-05-12T15:13:56 EDT" name="runScenario" description="Runs Cucumber Scenarios" data-provider="scenarios" finished-at="2023-05-12T15:13:56 EDT" duration-ms="246" status="PASS">
          <params>
            <param index="0">
              <value>
                <![CDATA["The user login in with existing user and password"]]>
              </value>
            </param>
            <param index="1">
              <value>
                <![CDATA["Optional[Application login - DSAlgoSignIn]"]]>
              </value>
            </param>
          </params>
          <reporter-output>
          </reporter-output>
        </test-method> <!-- runScenario -->
        <test-method signature="runScenario(io.cucumber.testng.PickleWrapper,io.cucumber.testng.FeatureWrapper)[pri:0, instance:Runner.TestRunner@41d477ed]" started-at="2023-05-12T15:13:56 EDT" name="runScenario" description="Runs Cucumber Scenarios" data-provider="scenarios" finished-at="2023-05-12T15:14:02 EDT" duration-ms="6408" status="PASS">
          <params>
            <param index="0">
              <value>
                <![CDATA["User on login page and valid inputs from Excel "Sheet1" and 0"]]>
              </value>
            </param>
            <param index="1">
              <value>
                <![CDATA["Optional[Application login - DSAlgoSignIn]"]]>
              </value>
            </param>
          </params>
          <reporter-output>
          </reporter-output>
        </test-method> <!-- runScenario -->
        <test-method signature="runScenario(io.cucumber.testng.PickleWrapper,io.cucumber.testng.FeatureWrapper)[pri:0, instance:Runner.TestRunner@41d477ed]" started-at="2023-05-12T15:14:02 EDT" name="runScenario" description="Runs Cucumber Scenarios" data-provider="scenarios" finished-at="2023-05-12T15:14:08 EDT" duration-ms="5500" status="PASS">
          <params>
            <param index="0">
              <value>
                <![CDATA["User on login page and valid inputs from Excel "Sheet1" and 1"]]>
              </value>
            </param>
            <param index="1">
              <value>
                <![CDATA["Optional[Application login - DSAlgoSignIn]"]]>
              </value>
            </param>
          </params>
          <reporter-output>
          </reporter-output>
        </test-method> <!-- runScenario -->
        <test-method signature="runScenario(io.cucumber.testng.PickleWrapper,io.cucumber.testng.FeatureWrapper)[pri:0, instance:Runner.TestRunner@41d477ed]" started-at="2023-05-12T15:14:08 EDT" name="runScenario" description="Runs Cucumber Scenarios" data-provider="scenarios" finished-at="2023-05-12T15:14:14 EDT" duration-ms="5612" status="PASS">
          <params>
            <param index="0">
              <value>
                <![CDATA["User on login page and valid inputs from Excel "Sheet1" and 2"]]>
              </value>
            </param>
            <param index="1">
              <value>
                <![CDATA["Optional[Application login - DSAlgoSignIn]"]]>
              </value>
            </param>
          </params>
          <reporter-output>
          </reporter-output>
        </test-method> <!-- runScenario -->
        <test-method signature="runScenario(io.cucumber.testng.PickleWrapper,io.cucumber.testng.FeatureWrapper)[pri:0, instance:Runner.TestRunner@41d477ed]" started-at="2023-05-12T15:14:14 EDT" name="runScenario" description="Runs Cucumber Scenarios" data-provider="scenarios" finished-at="2023-05-12T15:14:14 EDT" duration-ms="21" status="PASS">
          <params>
            <param index="0">
              <value>
                <![CDATA["User validate Data Structure page"]]>
              </value>
            </param>
            <param index="1">
              <value>
                <![CDATA["Optional[Data Structure Page Functionality]"]]>
              </value>
            </param>
          </params>
          <reporter-output>
          </reporter-output>
        </test-method> <!-- runScenario -->
        <test-method signature="runScenario(io.cucumber.testng.PickleWrapper,io.cucumber.testng.FeatureWrapper)[pri:0, instance:Runner.TestRunner@41d477ed]" started-at="2023-05-12T15:14:14 EDT" name="runScenario" description="Runs Cucumber Scenarios" data-provider="scenarios" finished-at="2023-05-12T15:14:25 EDT" duration-ms="11115" status="PASS">
          <params>
            <param index="0">
              <value>
                <![CDATA["User validate Title of your scenario Data Structure page and Data Structure"]]>
              </value>
            </param>
            <param index="1">
              <value>
                <![CDATA["Optional[Data Structure Page Functionality]"]]>
              </value>
            </param>
          </params>
          <reporter-output>
          </reporter-output>
        </test-method> <!-- runScenario -->
        <test-method signature="runScenario(io.cucumber.testng.PickleWrapper,io.cucumber.testng.FeatureWrapper)[pri:0, instance:Runner.TestRunner@41d477ed]" started-at="2023-05-12T15:14:25 EDT" name="runScenario" description="Runs Cucumber Scenarios" data-provider="scenarios" finished-at="2023-05-12T15:14:27 EDT" duration-ms="2238" status="PASS">
          <params>
            <param index="0">
              <value>
                <![CDATA["User validate Array page -"]]>
              </value>
            </param>
            <param index="1">
              <value>
                <![CDATA["Optional[Array feature]"]]>
              </value>
            </param>
          </params>
          <reporter-output>
          </reporter-output>
        </test-method> <!-- runScenario -->
        <test-method signature="runScenario(io.cucumber.testng.PickleWrapper,io.cucumber.testng.FeatureWrapper)[pri:0, instance:Runner.TestRunner@41d477ed]" started-at="2023-05-12T15:14:27 EDT" name="runScenario" description="Runs Cucumber Scenarios" data-provider="scenarios" finished-at="2023-05-12T15:14:36 EDT" duration-ms="8727" status="PASS">
          <params>
            <param index="0">
              <value>
                <![CDATA["User validate Array page -Arrays in Python"]]>
              </value>
            </param>
            <param index="1">
              <value>
                <![CDATA["Optional[Array feature]"]]>
              </value>
            </param>
          </params>
          <reporter-output>
          </reporter-output>
        </test-method> <!-- runScenario -->
        <test-method signature="runScenario(io.cucumber.testng.PickleWrapper,io.cucumber.testng.FeatureWrapper)[pri:0, instance:Runner.TestRunner@41d477ed]" started-at="2023-05-12T15:14:36 EDT" name="runScenario" description="Runs Cucumber Scenarios" data-provider="scenarios" finished-at="2023-05-12T15:14:42 EDT" duration-ms="6696" status="PASS">
          <params>
            <param index="0">
              <value>
                <![CDATA["User validate Array page-Arrays Using List"]]>
              </value>
            </param>
            <param index="1">
              <value>
                <![CDATA["Optional[Array feature]"]]>
              </value>
            </param>
          </params>
          <reporter-output>
          </reporter-output>
        </test-method> <!-- runScenario -->
        <test-method signature="runScenario(io.cucumber.testng.PickleWrapper,io.cucumber.testng.FeatureWrapper)[pri:0, instance:Runner.TestRunner@41d477ed]" started-at="2023-05-12T15:14:42 EDT" name="runScenario" description="Runs Cucumber Scenarios" data-provider="scenarios" finished-at="2023-05-12T15:14:51 EDT" duration-ms="8601" status="PASS">
          <params>
            <param index="0">
              <value>
                <![CDATA["User validate Array page- Basic Operations in Lists"]]>
              </value>
            </param>
            <param index="1">
              <value>
                <![CDATA["Optional[Array feature]"]]>
              </value>
            </param>
          </params>
          <reporter-output>
          </reporter-output>
        </test-method> <!-- runScenario -->
        <test-method signature="runScenario(io.cucumber.testng.PickleWrapper,io.cucumber.testng.FeatureWrapper)[pri:0, instance:Runner.TestRunner@41d477ed]" started-at="2023-05-12T15:14:51 EDT" name="runScenario" description="Runs Cucumber Scenarios" data-provider="scenarios" finished-at="2023-05-12T15:14:58 EDT" duration-ms="7531" status="PASS">
          <params>
            <param index="0">
              <value>
                <![CDATA["User validate Array page- Applications of Array"]]>
              </value>
            </param>
            <param index="1">
              <value>
                <![CDATA["Optional[Array feature]"]]>
              </value>
            </param>
          </params>
          <reporter-output>
          </reporter-output>
        </test-method> <!-- runScenario -->
        <test-method signature="runScenario(io.cucumber.testng.PickleWrapper,io.cucumber.testng.FeatureWrapper)[pri:0, instance:Runner.TestRunner@41d477ed]" started-at="2023-05-12T15:14:58 EDT" name="runScenario" description="Runs Cucumber Scenarios" data-provider="scenarios" finished-at="2023-05-12T15:15:01 EDT" duration-ms="2213" status="PASS">
          <params>
            <param index="0">
              <value>
                <![CDATA["User validate Stack page -"]]>
              </value>
            </param>
            <param index="1">
              <value>
                <![CDATA["Optional[Stack feature]"]]>
              </value>
            </param>
          </params>
          <reporter-output>
          </reporter-output>
        </test-method> <!-- runScenario -->
        <test-method signature="runScenario(io.cucumber.testng.PickleWrapper,io.cucumber.testng.FeatureWrapper)[pri:0, instance:Runner.TestRunner@41d477ed]" started-at="2023-05-12T15:15:01 EDT" name="runScenario" description="Runs Cucumber Scenarios" data-provider="scenarios" finished-at="2023-05-12T15:15:09 EDT" duration-ms="8594" status="PASS">
          <params>
            <param index="0">
              <value>
                <![CDATA["User validate Stack page and Topics Covered"]]>
              </value>
            </param>
            <param index="1">
              <value>
                <![CDATA["Optional[Stack feature]"]]>
              </value>
            </param>
          </params>
          <reporter-output>
          </reporter-output>
        </test-method> <!-- runScenario -->
        <test-method signature="runScenario(io.cucumber.testng.PickleWrapper,io.cucumber.testng.FeatureWrapper)[pri:0, instance:Runner.TestRunner@41d477ed]" started-at="2023-05-12T15:15:09 EDT" name="runScenario" description="Runs Cucumber Scenarios" data-provider="scenarios" finished-at="2023-05-12T15:15:18 EDT" duration-ms="8589" status="PASS">
          <params>
            <param index="0">
              <value>
                <![CDATA["User validate Tree Implementation scenario page"]]>
              </value>
            </param>
            <param index="1">
              <value>
                <![CDATA["Optional[Stack feature]"]]>
              </value>
            </param>
          </params>
          <reporter-output>
          </reporter-output>
        </test-method> <!-- runScenario -->
        <test-method signature="runScenario(io.cucumber.testng.PickleWrapper,io.cucumber.testng.FeatureWrapper)[pri:0, instance:Runner.TestRunner@41d477ed]" started-at="2023-05-12T15:15:18 EDT" name="runScenario" description="Runs Cucumber Scenarios" data-provider="scenarios" finished-at="2023-05-12T15:15:27 EDT" duration-ms="9534" status="PASS">
          <params>
            <param index="0">
              <value>
                <![CDATA["User validate Tree Applications scenario page"]]>
              </value>
            </param>
            <param index="1">
              <value>
                <![CDATA["Optional[Stack feature]"]]>
              </value>
            </param>
          </params>
          <reporter-output>
          </reporter-output>
        </test-method> <!-- runScenario -->
        <test-method signature="runScenario(io.cucumber.testng.PickleWrapper,io.cucumber.testng.FeatureWrapper)[pri:0, instance:Runner.TestRunner@41d477ed]" started-at="2023-05-12T15:15:27 EDT" name="runScenario" description="Runs Cucumber Scenarios" data-provider="scenarios" finished-at="2023-05-12T15:15:27 EDT" duration-ms="22" status="PASS">
          <params>
            <param index="0">
              <value>
                <![CDATA["User validate LinkList page"]]>
              </value>
            </param>
            <param index="1">
              <value>
                <![CDATA["Optional[Linklist]"]]>
              </value>
            </param>
          </params>
          <reporter-output>
          </reporter-output>
        </test-method> <!-- runScenario -->
        <test-method signature="runScenario(io.cucumber.testng.PickleWrapper,io.cucumber.testng.FeatureWrapper)[pri:0, instance:Runner.TestRunner@41d477ed]" started-at="2023-05-12T15:15:27 EDT" name="runScenario" description="Runs Cucumber Scenarios" data-provider="scenarios" finished-at="2023-05-12T15:15:35 EDT" duration-ms="7819" status="PASS">
          <params>
            <param index="0">
              <value>
                <![CDATA["User validate LinkList Introduction page"]]>
              </value>
            </param>
            <param index="1">
              <value>
                <![CDATA["Optional[Linklist]"]]>
              </value>
            </param>
          </params>
          <reporter-output>
          </reporter-output>
        </test-method> <!-- runScenario -->
        <test-method signature="runScenario(io.cucumber.testng.PickleWrapper,io.cucumber.testng.FeatureWrapper)[pri:0, instance:Runner.TestRunner@41d477ed]" started-at="2023-05-12T15:15:35 EDT" name="runScenario" description="Runs Cucumber Scenarios" data-provider="scenarios" finished-at="2023-05-12T15:15:42 EDT" duration-ms="6692" status="PASS">
          <params>
            <param index="0">
              <value>
                <![CDATA["User validate Creating Linked LIst page"]]>
              </value>
            </param>
            <param index="1">
              <value>
                <![CDATA["Optional[Linklist]"]]>
              </value>
            </param>
          </params>
          <reporter-output>
          </reporter-output>
        </test-method> <!-- runScenario -->
        <test-method signature="runScenario(io.cucumber.testng.PickleWrapper,io.cucumber.testng.FeatureWrapper)[pri:0, instance:Runner.TestRunner@41d477ed]" started-at="2023-05-12T15:15:42 EDT" name="runScenario" description="Runs Cucumber Scenarios" data-provider="scenarios" finished-at="2023-05-12T15:15:49 EDT" duration-ms="6629" status="PASS">
          <params>
            <param index="0">
              <value>
                <![CDATA["User validate Types of Linked List page"]]>
              </value>
            </param>
            <param index="1">
              <value>
                <![CDATA["Optional[Linklist]"]]>
              </value>
            </param>
          </params>
          <reporter-output>
          </reporter-output>
        </test-method> <!-- runScenario -->
        <test-method signature="runScenario(io.cucumber.testng.PickleWrapper,io.cucumber.testng.FeatureWrapper)[pri:0, instance:Runner.TestRunner@41d477ed]" started-at="2023-05-12T15:15:49 EDT" name="runScenario" description="Runs Cucumber Scenarios" data-provider="scenarios" finished-at="2023-05-12T15:15:55 EDT" duration-ms="6603" status="PASS">
          <params>
            <param index="0">
              <value>
                <![CDATA["User validate Implement Linked List in Python page"]]>
              </value>
            </param>
            <param index="1">
              <value>
                <![CDATA["Optional[Linklist]"]]>
              </value>
            </param>
          </params>
          <reporter-output>
          </reporter-output>
        </test-method> <!-- runScenario -->
        <test-method signature="runScenario(io.cucumber.testng.PickleWrapper,io.cucumber.testng.FeatureWrapper)[pri:0, instance:Runner.TestRunner@41d477ed]" started-at="2023-05-12T15:15:55 EDT" name="runScenario" description="Runs Cucumber Scenarios" data-provider="scenarios" finished-at="2023-05-12T15:16:02 EDT" duration-ms="6573" status="PASS">
          <params>
            <param index="0">
              <value>
                <![CDATA["User validate Traversal page"]]>
              </value>
            </param>
            <param index="1">
              <value>
                <![CDATA["Optional[Linklist]"]]>
              </value>
            </param>
          </params>
          <reporter-output>
          </reporter-output>
        </test-method> <!-- runScenario -->
        <test-method signature="runScenario(io.cucumber.testng.PickleWrapper,io.cucumber.testng.FeatureWrapper)[pri:0, instance:Runner.TestRunner@41d477ed]" started-at="2023-05-12T15:16:02 EDT" name="runScenario" description="Runs Cucumber Scenarios" data-provider="scenarios" finished-at="2023-05-12T15:16:08 EDT" duration-ms="6635" status="PASS">
          <params>
            <param index="0">
              <value>
                <![CDATA["User validate Insertion page"]]>
              </value>
            </param>
            <param index="1">
              <value>
                <![CDATA["Optional[Linklist]"]]>
              </value>
            </param>
          </params>
          <reporter-output>
          </reporter-output>
        </test-method> <!-- runScenario -->
        <test-method signature="runScenario(io.cucumber.testng.PickleWrapper,io.cucumber.testng.FeatureWrapper)[pri:0, instance:Runner.TestRunner@41d477ed]" started-at="2023-05-12T15:16:08 EDT" name="runScenario" description="Runs Cucumber Scenarios" data-provider="scenarios" finished-at="2023-05-12T15:16:16 EDT" duration-ms="7727" status="PASS">
          <params>
            <param index="0">
              <value>
                <![CDATA["User validate Deletion page"]]>
              </value>
            </param>
            <param index="1">
              <value>
                <![CDATA["Optional[Linklist]"]]>
              </value>
            </param>
          </params>
          <reporter-output>
          </reporter-output>
        </test-method> <!-- runScenario -->
        <test-method signature="runScenario(io.cucumber.testng.PickleWrapper,io.cucumber.testng.FeatureWrapper)[pri:0, instance:Runner.TestRunner@41d477ed]" started-at="2023-05-12T15:16:16 EDT" name="runScenario" description="Runs Cucumber Scenarios" data-provider="scenarios" finished-at="2023-05-12T15:16:16 EDT" duration-ms="24" status="PASS">
          <params>
            <param index="0">
              <value>
                <![CDATA["User validate Data Queue page"]]>
              </value>
            </param>
            <param index="1">
              <value>
                <![CDATA["Optional[Queue feature]"]]>
              </value>
            </param>
          </params>
          <reporter-output>
          </reporter-output>
        </test-method> <!-- runScenario -->
        <test-method signature="runScenario(io.cucumber.testng.PickleWrapper,io.cucumber.testng.FeatureWrapper)[pri:0, instance:Runner.TestRunner@41d477ed]" started-at="2023-05-12T15:16:16 EDT" name="runScenario" description="Runs Cucumber Scenarios" data-provider="scenarios" finished-at="2023-05-12T15:16:27 EDT" duration-ms="10761" status="PASS">
          <params>
            <param index="0">
              <value>
                <![CDATA["User validate Implementation of Queue in Python page"]]>
              </value>
            </param>
            <param index="1">
              <value>
                <![CDATA["Optional[Queue feature]"]]>
              </value>
            </param>
          </params>
          <reporter-output>
          </reporter-output>
        </test-method> <!-- runScenario -->
        <test-method signature="runScenario(io.cucumber.testng.PickleWrapper,io.cucumber.testng.FeatureWrapper)[pri:0, instance:Runner.TestRunner@41d477ed]" started-at="2023-05-12T15:16:27 EDT" name="runScenario" description="Runs Cucumber Scenarios" data-provider="scenarios" finished-at="2023-05-12T15:16:35 EDT" duration-ms="8510" status="PASS">
          <params>
            <param index="0">
              <value>
                <![CDATA["User validate Implementation using collections_deque page"]]>
              </value>
            </param>
            <param index="1">
              <value>
                <![CDATA["Optional[Queue feature]"]]>
              </value>
            </param>
          </params>
          <reporter-output>
          </reporter-output>
        </test-method> <!-- runScenario -->
        <test-method signature="runScenario(io.cucumber.testng.PickleWrapper,io.cucumber.testng.FeatureWrapper)[pri:0, instance:Runner.TestRunner@41d477ed]" started-at="2023-05-12T15:16:35 EDT" name="runScenario" description="Runs Cucumber Scenarios" data-provider="scenarios" finished-at="2023-05-12T15:16:44 EDT" duration-ms="8592" status="PASS">
          <params>
            <param index="0">
              <value>
                <![CDATA["User validate Implementation using array page"]]>
              </value>
            </param>
            <param index="1">
              <value>
                <![CDATA["Optional[Queue feature]"]]>
              </value>
            </param>
          </params>
          <reporter-output>
          </reporter-output>
        </test-method> <!-- runScenario -->
        <test-method signature="runScenario(io.cucumber.testng.PickleWrapper,io.cucumber.testng.FeatureWrapper)[pri:0, instance:Runner.TestRunner@41d477ed]" started-at="2023-05-12T15:16:44 EDT" name="runScenario" description="Runs Cucumber Scenarios" data-provider="scenarios" finished-at="2023-05-12T15:16:51 EDT" duration-ms="7315" status="PASS">
          <params>
            <param index="0">
              <value>
                <![CDATA["User validate Queue Operations page"]]>
              </value>
            </param>
            <param index="1">
              <value>
                <![CDATA["Optional[Queue feature]"]]>
              </value>
            </param>
          </params>
          <reporter-output>
          </reporter-output>
        </test-method> <!-- runScenario -->
        <test-method signature="runScenario(io.cucumber.testng.PickleWrapper,io.cucumber.testng.FeatureWrapper)[pri:0, instance:Runner.TestRunner@41d477ed]" started-at="2023-05-12T15:16:51 EDT" name="runScenario" description="Runs Cucumber Scenarios" data-provider="scenarios" finished-at="2023-05-12T15:16:52 EDT" duration-ms="738" status="PASS">
          <params>
            <param index="0">
              <value>
                <![CDATA["User validate Tree page -"]]>
              </value>
            </param>
            <param index="1">
              <value>
                <![CDATA["Optional[Tree Page Functionality]"]]>
              </value>
            </param>
          </params>
          <reporter-output>
          </reporter-output>
        </test-method> <!-- runScenario -->
        <test-method signature="runScenario(io.cucumber.testng.PickleWrapper,io.cucumber.testng.FeatureWrapper)[pri:0, instance:Runner.TestRunner@41d477ed]" started-at="2023-05-12T15:16:52 EDT" name="runScenario" description="Runs Cucumber Scenarios" data-provider="scenarios" finished-at="2023-05-12T15:16:58 EDT" duration-ms="5641" status="PASS">
          <params>
            <param index="0">
              <value>
                <![CDATA["User validate Title of your scenario Trees page and Overview of Trees"]]>
              </value>
            </param>
            <param index="1">
              <value>
                <![CDATA["Optional[Tree Page Functionality]"]]>
              </value>
            </param>
          </params>
          <reporter-output>
          </reporter-output>
        </test-method> <!-- runScenario -->
        <test-method signature="runScenario(io.cucumber.testng.PickleWrapper,io.cucumber.testng.FeatureWrapper)[pri:0, instance:Runner.TestRunner@41d477ed]" started-at="2023-05-12T15:16:58 EDT" name="runScenario" description="Runs Cucumber Scenarios" data-provider="scenarios" finished-at="2023-05-12T15:17:03 EDT" duration-ms="5591" status="PASS">
          <params>
            <param index="0">
              <value>
                <![CDATA["User validate Tree Terminologies scenario page"]]>
              </value>
            </param>
            <param index="1">
              <value>
                <![CDATA["Optional[Tree Page Functionality]"]]>
              </value>
            </param>
          </params>
          <reporter-output>
          </reporter-output>
        </test-method> <!-- runScenario -->
        <test-method signature="runScenario(io.cucumber.testng.PickleWrapper,io.cucumber.testng.FeatureWrapper)[pri:0, instance:Runner.TestRunner@41d477ed]" started-at="2023-05-12T15:17:03 EDT" name="runScenario" description="Runs Cucumber Scenarios" data-provider="scenarios" finished-at="2023-05-12T15:17:09 EDT" duration-ms="5598" status="PASS">
          <params>
            <param index="0">
              <value>
                <![CDATA["Validate Types of Trees"]]>
              </value>
            </param>
            <param index="1">
              <value>
                <![CDATA["Optional[Tree Page Functionality]"]]>
              </value>
            </param>
          </params>
          <reporter-output>
          </reporter-output>
        </test-method> <!-- runScenario -->
        <test-method signature="runScenario(io.cucumber.testng.PickleWrapper,io.cucumber.testng.FeatureWrapper)[pri:0, instance:Runner.TestRunner@41d477ed]" started-at="2023-05-12T15:17:09 EDT" name="runScenario" description="Runs Cucumber Scenarios" data-provider="scenarios" finished-at="2023-05-12T15:17:14 EDT" duration-ms="5603" status="PASS">
          <params>
            <param index="0">
              <value>
                <![CDATA["Validate Tree Traversals link"]]>
              </value>
            </param>
            <param index="1">
              <value>
                <![CDATA["Optional[Tree Page Functionality]"]]>
              </value>
            </param>
          </params>
          <reporter-output>
          </reporter-output>
        </test-method> <!-- runScenario -->
        <test-method signature="runScenario(io.cucumber.testng.PickleWrapper,io.cucumber.testng.FeatureWrapper)[pri:0, instance:Runner.TestRunner@41d477ed]" started-at="2023-05-12T15:17:14 EDT" name="runScenario" description="Runs Cucumber Scenarios" data-provider="scenarios" finished-at="2023-05-12T15:17:20 EDT" duration-ms="5093" status="PASS">
          <params>
            <param index="0">
              <value>
                <![CDATA["Validate Traversals-Illustration"]]>
              </value>
            </param>
            <param index="1">
              <value>
                <![CDATA["Optional[Tree Page Functionality]"]]>
              </value>
            </param>
          </params>
          <reporter-output>
          </reporter-output>
        </test-method> <!-- runScenario -->
        <test-method signature="runScenario(io.cucumber.testng.PickleWrapper,io.cucumber.testng.FeatureWrapper)[pri:0, instance:Runner.TestRunner@41d477ed]" started-at="2023-05-12T15:17:20 EDT" name="runScenario" description="Runs Cucumber Scenarios" data-provider="scenarios" finished-at="2023-05-12T15:17:25 EDT" duration-ms="5113" status="PASS">
          <params>
            <param index="0">
              <value>
                <![CDATA["Validate Binary Trees"]]>
              </value>
            </param>
            <param index="1">
              <value>
                <![CDATA["Optional[Tree Page Functionality]"]]>
              </value>
            </param>
          </params>
          <reporter-output>
          </reporter-output>
        </test-method> <!-- runScenario -->
        <test-method signature="runScenario(io.cucumber.testng.PickleWrapper,io.cucumber.testng.FeatureWrapper)[pri:0, instance:Runner.TestRunner@41d477ed]" started-at="2023-05-12T15:17:25 EDT" name="runScenario" description="Runs Cucumber Scenarios" data-provider="scenarios" finished-at="2023-05-12T15:17:30 EDT" duration-ms="5121" status="PASS">
          <params>
            <param index="0">
              <value>
                <![CDATA["Validate Types Binary Trees"]]>
              </value>
            </param>
            <param index="1">
              <value>
                <![CDATA["Optional[Tree Page Functionality]"]]>
              </value>
            </param>
          </params>
          <reporter-output>
          </reporter-output>
        </test-method> <!-- runScenario -->
        <test-method signature="runScenario(io.cucumber.testng.PickleWrapper,io.cucumber.testng.FeatureWrapper)[pri:0, instance:Runner.TestRunner@41d477ed]" started-at="2023-05-12T15:17:30 EDT" name="runScenario" description="Runs Cucumber Scenarios" data-provider="scenarios" finished-at="2023-05-12T15:17:35 EDT" duration-ms="5077" status="PASS">
          <params>
            <param index="0">
              <value>
                <![CDATA["Validate Implementation in Python"]]>
              </value>
            </param>
            <param index="1">
              <value>
                <![CDATA["Optional[Tree Page Functionality]"]]>
              </value>
            </param>
          </params>
          <reporter-output>
          </reporter-output>
        </test-method> <!-- runScenario -->
        <test-method signature="runScenario(io.cucumber.testng.PickleWrapper,io.cucumber.testng.FeatureWrapper)[pri:0, instance:Runner.TestRunner@41d477ed]" started-at="2023-05-12T15:17:35 EDT" name="runScenario" description="Runs Cucumber Scenarios" data-provider="scenarios" finished-at="2023-05-12T15:17:40 EDT" duration-ms="5089" status="PASS">
          <params>
            <param index="0">
              <value>
                <![CDATA["Validate Binary Tree Traversals"]]>
              </value>
            </param>
            <param index="1">
              <value>
                <![CDATA["Optional[Tree Page Functionality]"]]>
              </value>
            </param>
          </params>
          <reporter-output>
          </reporter-output>
        </test-method> <!-- runScenario -->
        <test-method signature="runScenario(io.cucumber.testng.PickleWrapper,io.cucumber.testng.FeatureWrapper)[pri:0, instance:Runner.TestRunner@41d477ed]" started-at="2023-05-12T15:17:40 EDT" name="runScenario" description="Runs Cucumber Scenarios" data-provider="scenarios" finished-at="2023-05-12T15:17:45 EDT" duration-ms="5142" status="PASS">
          <params>
            <param index="0">
              <value>
                <![CDATA["Validate Implementation of Binary Trees"]]>
              </value>
            </param>
            <param index="1">
              <value>
                <![CDATA["Optional[Tree Page Functionality]"]]>
              </value>
            </param>
          </params>
          <reporter-output>
          </reporter-output>
        </test-method> <!-- runScenario -->
        <test-method signature="runScenario(io.cucumber.testng.PickleWrapper,io.cucumber.testng.FeatureWrapper)[pri:0, instance:Runner.TestRunner@41d477ed]" started-at="2023-05-12T15:17:45 EDT" name="runScenario" description="Runs Cucumber Scenarios" data-provider="scenarios" finished-at="2023-05-12T15:17:50 EDT" duration-ms="5101" status="PASS">
          <params>
            <param index="0">
              <value>
                <![CDATA["Validate Applications of Binary trees"]]>
              </value>
            </param>
            <param index="1">
              <value>
                <![CDATA["Optional[Tree Page Functionality]"]]>
              </value>
            </param>
          </params>
          <reporter-output>
          </reporter-output>
        </test-method> <!-- runScenario -->
        <test-method signature="runScenario(io.cucumber.testng.PickleWrapper,io.cucumber.testng.FeatureWrapper)[pri:0, instance:Runner.TestRunner@41d477ed]" started-at="2023-05-12T15:17:50 EDT" name="runScenario" description="Runs Cucumber Scenarios" data-provider="scenarios" finished-at="2023-05-12T15:17:56 EDT" duration-ms="5391" status="PASS">
          <params>
            <param index="0">
              <value>
                <![CDATA["Validate Implementation Of BST"]]>
              </value>
            </param>
            <param index="1">
              <value>
                <![CDATA["Optional[Tree Page Functionality]"]]>
              </value>
            </param>
          </params>
          <reporter-output>
          </reporter-output>
        </test-method> <!-- runScenario -->
        <test-method signature="runScenario(io.cucumber.testng.PickleWrapper,io.cucumber.testng.FeatureWrapper)[pri:0, instance:Runner.TestRunner@41d477ed]" started-at="2023-05-12T15:17:56 EDT" name="runScenario" description="Runs Cucumber Scenarios" data-provider="scenarios" finished-at="2023-05-12T15:17:56 EDT" duration-ms="195" status="PASS">
          <params>
            <param index="0">
              <value>
                <![CDATA["User validate Graph page -"]]>
              </value>
            </param>
            <param index="1">
              <value>
                <![CDATA["Optional[Graph feature]"]]>
              </value>
            </param>
          </params>
          <reporter-output>
          </reporter-output>
        </test-method> <!-- runScenario -->
        <test-method signature="runScenario(io.cucumber.testng.PickleWrapper,io.cucumber.testng.FeatureWrapper)[pri:0, instance:Runner.TestRunner@41d477ed]" started-at="2023-05-12T15:17:56 EDT" name="runScenario" description="Runs Cucumber Scenarios" data-provider="scenarios" finished-at="2023-05-12T15:18:00 EDT" duration-ms="4540" status="PASS">
          <params>
            <param index="0">
              <value>
                <![CDATA["User validate Graph page and Topics Covered"]]>
              </value>
            </param>
            <param index="1">
              <value>
                <![CDATA["Optional[Graph feature]"]]>
              </value>
            </param>
          </params>
          <reporter-output>
          </reporter-output>
        </test-method> <!-- runScenario -->
        <test-method signature="runScenario(io.cucumber.testng.PickleWrapper,io.cucumber.testng.FeatureWrapper)[pri:0, instance:Runner.TestRunner@41d477ed]" started-at="2023-05-12T15:18:00 EDT" name="runScenario" description="Runs Cucumber Scenarios" data-provider="scenarios" finished-at="2023-05-12T15:18:06 EDT" duration-ms="5393" status="PASS">
          <params>
            <param index="0">
              <value>
                <![CDATA["User validate  Graph Representations page"]]>
              </value>
            </param>
            <param index="1">
              <value>
                <![CDATA["Optional[Graph feature]"]]>
              </value>
            </param>
          </params>
          <reporter-output>
          </reporter-output>
        </test-method> <!-- runScenario -->
        <test-method is-config="true" signature="tearDownClass()[pri:0, instance:Runner.TestRunner@41d477ed]" started-at="2023-05-12T15:18:06 EDT" name="tearDownClass" finished-at="2023-05-12T15:18:06 EDT" duration-ms="43" status="PASS">
          <reporter-output>
          </reporter-output>
        </test-method> <!-- tearDownClass -->
      </class> <!-- Runner.TestRunner -->
    </test> <!-- Default test -->
  </suite> <!-- Default suite -->
</testng-results>
